2026-05-23 16:45:30 [restartedMain] INFO  c.w.Walletwise.WalletwiseApplication - Starting WalletwiseApplication using Java 22.0.2 with PID 11216 (D:\Spring boot Projects\Spring MVC\Walletwise\target\classes started by Pc in D:\Spring boot Projects\Spring MVC\Walletwise)
2026-05-23 16:45:30 [restartedMain] DEBUG c.w.Walletwise.WalletwiseApplication - Running with Spring Boot v3.5.14, Spring v6.2.18
2026-05-23 16:45:30 [restartedMain] INFO  c.w.Walletwise.WalletwiseApplication - No active profile set, falling back to 1 default profile: "default"
2026-05-23 16:50:08 [restartedMain] INFO  c.w.Walletwise.WalletwiseApplication - Starting WalletwiseApplication using Java 22.0.2 with PID 13924 (D:\Spring boot Projects\Spring MVC\Walletwise\target\classes started by Pc in D:\Spring boot Projects\Spring MVC\Walletwise)
2026-05-23 16:50:08 [restartedMain] DEBUG c.w.Walletwise.WalletwiseApplication - Running with Spring Boot v3.5.14, Spring v6.2.18
2026-05-23 16:50:08 [restartedMain] INFO  c.w.Walletwise.WalletwiseApplication - No active profile set, falling back to 1 default profile: "default"
2026-05-23 16:50:18 [restartedMain] DEBUG c.w.W.config.JwtAuthenticationFilter - Filter 'jwtAuthenticationFilter' configured for use
2026-05-23 16:51:48 [restartedMain] INFO  c.w.Walletwise.WalletwiseApplication - Starting WalletwiseApplication using Java 22.0.2 with PID 8332 (D:\Spring boot Projects\Spring MVC\Walletwise\target\classes started by Pc in D:\Spring boot Projects\Spring MVC\Walletwise)
2026-05-23 16:51:48 [restartedMain] DEBUG c.w.Walletwise.WalletwiseApplication - Running with Spring Boot v3.5.14, Spring v6.2.18
2026-05-23 16:51:48 [restartedMain] INFO  c.w.Walletwise.WalletwiseApplication - No active profile set, falling back to 1 default profile: "default"
2026-05-23 16:51:53 [restartedMain] DEBUG c.w.W.config.JwtAuthenticationFilter - Filter 'jwtAuthenticationFilter' configured for use
2026-05-23 16:51:56 [restartedMain] INFO  c.w.Walletwise.WalletwiseApplication - Started WalletwiseApplication in 9.004 seconds (process running for 10.535)
2026-05-23 17:02:05 [http-nio-8080-exec-5] ERROR c.w.W.config.JwtAuthenticationFilter - Could not extract email from token
io.jsonwebtoken.security.SignatureException: JWT signature does not match locally computed signature. JWT validity cannot be asserted and should not be trusted.
	at io.jsonwebtoken.impl.DefaultJwtParser.parse(DefaultJwtParser.java:399)
	at io.jsonwebtoken.impl.DefaultJwtParser.parse(DefaultJwtParser.java:529)
	at io.jsonwebtoken.impl.DefaultJwtParser.parseClaimsJws(DefaultJwtParser.java:589)
	at io.jsonwebtoken.impl.ImmutableJwtParser.parseClaimsJws(ImmutableJwtParser.java:173)
	at com.walletwise.Walletwise.util.JwtUtil.extractAllClaims(JwtUtil.java:55)
	at com.walletwise.Walletwise.util.JwtUtil.extractClaim(JwtUtil.java:47)
	at com.walletwise.Walletwise.util.JwtUtil.extractUsername(JwtUtil.java:38)
	at com.walletwise.Walletwise.config.JwtAuthenticationFilter.doFilterInternal(JwtAuthenticationFilter.java:40)
	at org.springframework.web.filter.OncePerRequestFilter.doFilter(OncePerRequestFilter.java:116)
	at org.springframework.security.web.FilterChainProxy$VirtualFilterChain.doFilter(FilterChainProxy.java:379)
	at org.springframework.security.web.authentication.logout.LogoutFilter.doFilter(LogoutFilter.java:107)
	at org.springframework.security.web.authentication.logout.LogoutFilter.doFilter(LogoutFilter.java:93)
	at org.springframework.security.web.FilterChainProxy$VirtualFilterChain.doFilter(FilterChainProxy.java:379)
	at org.springframework.security.web.header.HeaderWriterFilter.doHeadersAfter(HeaderWriterFilter.java:90)
	at org.springframework.security.web.header.HeaderWriterFilter.doFilterInternal(HeaderWriterFilter.java:75)
	at org.springframework.web.filter.OncePerRequestFilter.doFilter(OncePerRequestFilter.java:116)
	at org.springframework.security.web.FilterChainProxy$VirtualFilterChain.doFilter(FilterChainProxy.java:379)
	at org.springframework.security.web.context.SecurityContextHolderFilter.doFilter(SecurityContextHolderFilter.java:82)
	at org.springframework.security.web.context.SecurityContextHolderFilter.doFilter(SecurityContextHolderFilter.java:69)
	at org.springframework.security.web.FilterChainProxy$VirtualFilterChain.doFilter(FilterChainProxy.java:379)
	at org.springframework.security.web.context.request.async.WebAsyncManagerIntegrationFilter.doFilterInternal(WebAsyncManagerIntegrationFilter.java:62)
	at org.springframework.web.filter.OncePerRequestFilter.doFilter(OncePerRequestFilter.java:116)
	at org.springframework.security.web.FilterChainProxy$VirtualFilterChain.doFilter(FilterChainProxy.java:379)
	at org.springframework.security.web.session.DisableEncodeUrlFilter.doFilterInternal(DisableEncodeUrlFilter.java:42)
	at org.springframework.web.filter.OncePerRequestFilter.doFilter(OncePerRequestFilter.java:116)
	at org.springframework.security.web.FilterChainProxy$VirtualFilterChain.doFilter(FilterChainProxy.java:379)
	at org.springframework.security.web.FilterChainProxy.doFilterInternal(FilterChainProxy.java:233)
	at org.springframework.security.web.FilterChainProxy.doFilter(FilterChainProxy.java:191)
	at org.springframework.web.filter.CompositeFilter$VirtualFilterChain.doFilter(CompositeFilter.java:113)
	at org.springframework.web.filter.ServletRequestPathFilter.doFilter(ServletRequestPathFilter.java:52)
	at org.springframework.web.filter.CompositeFilter$VirtualFilterChain.doFilter(CompositeFilter.java:113)
	at org.springframework.web.filter.CompositeFilter.doFilter(CompositeFilter.java:74)
	at org.springframework.security.config.annotation.web.configuration.WebSecurityConfiguration$CompositeFilterChainProxy.doFilter(WebSecurityConfiguration.java:319)
	at org.springframework.web.filter.CompositeFilter$VirtualFilterChain.doFilter(CompositeFilter.java:113)
	at org.springframework.web.servlet.handler.HandlerMappingIntrospector.lambda$createCacheFilter$4(HandlerMappingIntrospector.java:267)
	at org.springframework.web.filter.CompositeFilter$VirtualFilterChain.doFilter(CompositeFilter.java:113)
	at org.springframework.web.filter.CompositeFilter.doFilter(CompositeFilter.java:74)
	at org.springframework.security.config.annotation.web.configuration.WebMvcSecurityConfiguration$CompositeFilterChainProxy.doFilter(WebMvcSecurityConfiguration.java:240)
	at org.springframework.web.filter.DelegatingFilterProxy.invokeDelegate(DelegatingFilterProxy.java:362)
	at org.springframework.web.filter.DelegatingFilterProxy.doFilter(DelegatingFilterProxy.java:278)
	at org.apache.catalina.core.ApplicationFilterChain.internalDoFilter(ApplicationFilterChain.java:162)
	at org.apache.catalina.core.ApplicationFilterChain.doFilter(ApplicationFilterChain.java:138)
	at org.springframework.web.filter.RequestContextFilter.doFilterInternal(RequestContextFilter.java:100)
	at org.springframework.web.filter.OncePerRequestFilter.doFilter(OncePerRequestFilter.java:116)
	at org.apache.catalina.core.ApplicationFilterChain.internalDoFilter(ApplicationFilterChain.java:162)
	at org.apache.catalina.core.ApplicationFilterChain.doFilter(ApplicationFilterChain.java:138)
	at org.springframework.web.filter.FormContentFilter.doFilterInternal(FormContentFilter.java:93)
	at org.springframework.web.filter.OncePerRequestFilter.doFilter(OncePerRequestFilter.java:116)
	at org.apache.catalina.core.ApplicationFilterChain.internalDoFilter(ApplicationFilterChain.java:162)
	at org.apache.catalina.core.ApplicationFilterChain.doFilter(ApplicationFilterChain.java:138)
	at org.springframework.web.filter.CharacterEncodingFilter.doFilterInternal(CharacterEncodingFilter.java:201)
	at org.springframework.web.filter.OncePerRequestFilter.doFilter(OncePerRequestFilter.java:116)
	at org.apache.catalina.core.ApplicationFilterChain.internalDoFilter(ApplicationFilterChain.java:162)
	at org.apache.catalina.core.ApplicationFilterChain.doFilter(ApplicationFilterChain.java:138)
	at org.apache.catalina.core.StandardWrapperValve.invoke(StandardWrapperValve.java:165)
	at org.apache.catalina.core.StandardContextValve.invoke(StandardContextValve.java:88)
	at org.apache.catalina.authenticator.AuthenticatorBase.invoke(AuthenticatorBase.java:492)
	at org.apache.catalina.core.StandardHostValve.invoke(StandardHostValve.java:113)
	at org.apache.catalina.valves.ErrorReportValve.invoke(ErrorReportValve.java:83)
	at org.apache.catalina.core.StandardEngineValve.invoke(StandardEngineValve.java:72)
	at org.apache.catalina.connector.CoyoteAdapter.service(CoyoteAdapter.java:342)
	at org.apache.coyote.http11.Http11Processor.service(Http11Processor.java:399)
	at org.apache.coyote.AbstractProcessorLight.process(AbstractProcessorLight.java:63)
	at org.apache.coyote.AbstractProtocol$ConnectionHandler.process(AbstractProtocol.java:903)
	at org.apache.tomcat.util.net.NioEndpoint$SocketProcessor.doRun(NioEndpoint.java:1797)
	at org.apache.tomcat.util.net.SocketProcessorBase.run(SocketProcessorBase.java:52)
	at org.apache.tomcat.util.threads.ThreadPoolExecutor.runWorker(ThreadPoolExecutor.java:973)
	at org.apache.tomcat.util.threads.ThreadPoolExecutor$Worker.run(ThreadPoolExecutor.java:491)
	at org.apache.tomcat.util.threads.TaskThread$WrappingRunnable.run(TaskThread.java:63)
	at java.base/java.lang.Thread.run(Thread.java:1570)
2026-05-23 17:10:28 [restartedMain] INFO  c.w.Walletwise.WalletwiseApplication - Starting WalletwiseApplication using Java 22.0.2 with PID 8588 (D:\Spring boot Projects\Spring MVC\Walletwise\target\classes started by Pc in D:\Spring boot Projects\Spring MVC\Walletwise)
2026-05-23 17:10:29 [restartedMain] DEBUG c.w.Walletwise.WalletwiseApplication - Running with Spring Boot v3.5.14, Spring v6.2.18
2026-05-23 17:10:29 [restartedMain] INFO  c.w.Walletwise.WalletwiseApplication - No active profile set, falling back to 1 default profile: "default"
2026-05-23 17:10:39 [restartedMain] DEBUG c.w.W.config.JwtAuthenticationFilter - Filter 'jwtAuthenticationFilter' configured for use
2026-05-23 17:10:42 [restartedMain] INFO  c.w.Walletwise.WalletwiseApplication - Started WalletwiseApplication in 17.505 seconds (process running for 19.368)
2026-05-23 17:10:49 [http-nio-8080-exec-2] INFO  c.w.W.service.impl.BudgetServiceImpl - Checking budget alert for user: saud@gmail.com, category: FOOD, month: 2026-07
2026-05-23 17:11:42 [http-nio-8080-exec-5] INFO  c.w.W.service.impl.BudgetServiceImpl - Checking budget alert for user: saud@gmail.com, category: FOOD, month: 2026-07
2026-05-23 17:56:42 [restartedMain] INFO  c.w.Walletwise.WalletwiseApplication - Starting WalletwiseApplication using Java 22.0.2 with PID 9608 (D:\Spring boot Projects\Spring MVC\Walletwise\target\classes started by Pc in D:\Spring boot Projects\Spring MVC\Walletwise)
2026-05-23 17:56:42 [restartedMain] DEBUG c.w.Walletwise.WalletwiseApplication - Running with Spring Boot v3.5.14, Spring v6.2.18
2026-05-23 17:56:42 [restartedMain] INFO  c.w.Walletwise.WalletwiseApplication - No active profile set, falling back to 1 default profile: "default"
2026-05-23 17:56:47 [restartedMain] DEBUG c.w.W.config.JwtAuthenticationFilter - Filter 'jwtAuthenticationFilter' configured for use
2026-05-23 17:56:50 [restartedMain] INFO  c.w.Walletwise.WalletwiseApplication - Started WalletwiseApplication in 9.676 seconds (process running for 10.882)
